TN:
SF:app.ts
FNF:0
FNH:0
DA:1,1
DA:2,1
DA:3,1
DA:4,1
DA:5,1
DA:6,1
DA:8,1
DA:11,1
DA:12,1
DA:14,1
DA:15,1
DA:16,1
DA:17,1
DA:18,1
DA:20,1
DA:23,1
DA:24,8
DA:25,8
DA:29,1
DA:31,14
DA:32,14
DA:35,14
DA:36,14
DA:37,14
DA:39,1
LF:25
LH:25
BRDA:23,0,0,8
BRDA:29,1,0,14
BRDA:32,2,0,0
BRDA:35,3,0,4
BRF:4
BRH:3
end_of_record
TN:
SF:src/controllers/user/create-new-user.ts
FN:4,createNewUser
FNF:1
FNH:1
FNDA:13,createNewUser
DA:1,1
DA:2,1
DA:4,1
DA:5,13
DA:6,13
DA:7,13
DA:8,13
DA:9,13
DA:10,13
DA:12,13
DA:13,13
DA:14,13
LF:12
LH:12
BRDA:4,0,0,13
BRF:1
BRH:1
end_of_record
TN:
SF:src/controllers/user/delete-user.ts
FN:3,deleteUser
FNF:1
FNH:1
FNDA:14,deleteUser
DA:1,1
DA:3,1
DA:4,14
DA:6,14
DA:7,6
DA:8,6
DA:10,8
DA:11,8
DA:13,8
DA:14,8
LF:10
LH:10
BRDA:3,0,0,14
BRDA:6,1,0,6
BRDA:8,2,0,8
BRDA:4,3,0,26
BRF:4
BRH:4
end_of_record
TN:
SF:src/controllers/user/get-user-by-id.ts
FN:3,getUserById
FNF:1
FNH:1
FNDA:18,getUserById
DA:1,1
DA:3,1
DA:4,18
DA:5,18
DA:6,8
DA:7,8
DA:8,10
DA:9,10
LF:8
LH:8
BRDA:3,0,0,18
BRDA:5,1,0,8
BRDA:7,2,0,10
BRDA:4,3,0,46
BRF:4
BRH:4
end_of_record
TN:
SF:src/controllers/user/update-user.ts
FN:3,updateUser
FNF:1
FNH:1
FNDA:19,updateUser
DA:1,1
DA:3,1
DA:4,19
DA:6,19
DA:7,6
DA:8,6
DA:10,13
DA:11,13
DA:13,13
DA:14,13
LF:10
LH:10
BRDA:3,0,0,19
BRDA:6,1,0,6
BRDA:8,2,0,13
BRDA:4,3,0,31
BRF:4
BRH:4
end_of_record
TN:
SF:src/middleware/validation-middleware.ts
FN:5,validateRequest
FNF:1
FNH:1
FNDA:33,validateRequest
DA:2,1
DA:5,1
DA:6,33
DA:7,46
DA:8,46
DA:9,46
DA:10,46
DA:11,46
DA:12,46
DA:13,46
DA:14,46
DA:15,46
DA:17,46
DA:18,29
DA:19,29
DA:20,29
DA:22,17
DA:23,26
DA:24,26
DA:25,17
DA:27,17
DA:28,17
DA:29,17
DA:30,17
DA:31,17
DA:32,46
DA:33,33
LF:27
LH:27
BRDA:5,0,0,33
BRDA:6,1,0,46
BRDA:17,2,0,29
BRDA:20,3,0,17
BRDA:22,4,0,26
BRF:5
BRH:5
end_of_record
TN:
SF:src/models/users-model.ts
FNF:0
FNH:0
DA:11,1
DA:12,1
DA:13,1
DA:14,1
DA:15,1
DA:16,1
DA:17,1
DA:18,1
DA:19,1
DA:20,1
DA:21,1
DA:22,1
DA:23,1
DA:24,1
DA:25,1
DA:26,1
DA:27,1
DA:28,1
DA:29,1
DA:30,1
DA:31,1
DA:32,1
DA:33,1
DA:34,1
DA:35,1
DA:36,1
DA:37,1
DA:38,1
DA:39,1
DA:40,1
DA:41,1
DA:42,1
DA:43,1
DA:44,1
DA:45,1
DA:46,1
DA:47,1
DA:48,1
DA:49,1
DA:50,1
DA:51,1
DA:52,1
DA:53,1
DA:54,1
DA:55,1
DA:56,1
DA:57,1
DA:58,1
DA:59,1
DA:60,1
DA:61,1
DA:62,1
DA:63,1
DA:64,1
DA:65,1
DA:66,1
DA:67,1
DA:68,1
DA:69,1
DA:70,1
DA:71,1
DA:72,1
DA:73,1
DA:74,1
DA:75,1
DA:76,1
DA:77,1
DA:78,1
DA:79,1
DA:80,1
DA:81,1
DA:82,1
DA:83,1
DA:84,1
DA:85,1
DA:86,1
DA:87,1
DA:88,1
DA:89,1
DA:90,1
DA:91,1
DA:92,1
DA:93,1
DA:94,1
DA:95,1
DA:96,1
DA:97,1
DA:98,1
DA:99,1
DA:100,1
DA:101,1
DA:102,1
LF:92
LH:92
BRF:0
BRH:0
end_of_record
TN:
SF:src/routes/index.ts
FNF:0
FNH:0
DA:1,1
DA:2,1
DA:3,1
DA:5,1
DA:7,1
DA:8,1
DA:10,1
DA:11,15
DA:12,15
DA:14,1
LF:10
LH:10
BRDA:10,0,0,15
BRF:1
BRH:1
end_of_record
TN:
SF:src/routes/user.ts
FNF:0
FNH:0
DA:1,1
DA:2,1
DA:3,1
DA:4,1
DA:5,1
DA:6,1
DA:7,1
DA:9,1
DA:11,1
DA:12,3
DA:13,3
DA:15,3
DA:16,3
DA:18,1
DA:19,4
DA:20,4
DA:22,4
DA:23,4
DA:25,1
DA:26,1
DA:27,1
DA:28,1
DA:29,1
DA:30,4
DA:31,4
DA:33,4
DA:34,4
DA:35,1
DA:37,1
DA:38,3
DA:40,3
DA:41,3
DA:43,1
LF:33
LH:33
BRDA:11,0,0,3
BRDA:18,1,0,4
BRDA:29,2,0,4
BRDA:37,3,0,3
BRF:4
BRH:4
end_of_record
TN:
SF:src/routes/users.ts
FNF:0
FNH:0
DA:1,1
DA:2,1
DA:4,1
DA:6,1
DA:7,20
DA:8,20
DA:10,1
LF:7
LH:7
BRDA:6,0,0,20
BRF:1
BRH:1
end_of_record
TN:
SF:src/validation/index.ts
FN:1,(empty-report)
FNF:1
FNH:1
FNDA:1,(empty-report)
LF:0
LH:0
BRDA:1,0,0,1
BRF:1
BRH:1
end_of_record
